"C:/OJT/2022/ChatClient/Content/Sprite/S_WHITE.uasset" 0
"C:/OJT/2022/ChatClient/Content/Sprite/S_WHITE.uexp" 1
"C:/OJT/2022/ChatClient/Content/UI/Font/D2Coding-Ver1_3_2-20180524-all.uasset" 2
"C:/OJT/2022/ChatClient/Content/UI/Font/D2Coding-Ver1_3_2-20180524-all.uexp" 3
"C:/OJT/2022/ChatClient/Content/UI/Font/D2Coding-Ver1_3_2-20180524-all.ufont" 4
"C:/OJT/2022/ChatClient/Content/UI/Font/D2Coding-Ver1_3_2-20180524-all_Font.uasset" 5
"C:/OJT/2022/ChatClient/Content/UI/Font/D2Coding-Ver1_3_2-20180524-all_Font.uexp" 6
"C:/OJT/2022/ChatClient/Content/UI/Font/RixMGoM.uasset" 7
"C:/OJT/2022/ChatClient/Content/UI/Font/RixMGoM.uexp" 8
"C:/OJT/2022/ChatClient/Content/UI/Font/RixMGoM.ufont" 9
"C:/OJT/2022/ChatClient/Content/UI/Font/RixM.uasset" 10
"C:/OJT/2022/ChatClient/Content/UI/Font/RixM.uexp" 11
"C:/OJT/2022/ChatClient/Content/UI/BPCommandButton.uasset" 12
"C:/OJT/2022/ChatClient/Content/UI/BPCommandButton.uexp" 13
"C:/OJT/2022/ChatClient/Content/UI/BPChatPage.uasset" 14
"C:/OJT/2022/ChatClient/Content/UI/BPChatPage.uexp" 15
"C:/OJT/2022/ChatClient/Content/UI/Image/people-outline.uasset" 16
"C:/OJT/2022/ChatClient/Content/UI/Image/people-outline.uexp" 17
"C:/OJT/2022/ChatClient/Content/UI/Image/people-outline.ubulk" 18
"C:/OJT/2022/ChatClient/Content/UI/Image/menu-outline-white.uasset" 19
"C:/OJT/2022/ChatClient/Content/UI/Image/menu-outline-white.uexp" 20
"C:/OJT/2022/ChatClient/Content/UI/Image/menu-outline-white.ubulk" 21
"C:/OJT/2022/ChatClient/Content/UI/Image/list-circle-outline.uasset" 22
"C:/OJT/2022/ChatClient/Content/UI/Image/list-circle-outline.uexp" 23
"C:/OJT/2022/ChatClient/Content/UI/Image/list-circle-outline.ubulk" 24
"C:/OJT/2022/ChatClient/Content/UI/Image/globe-outline.uasset" 25
"C:/OJT/2022/ChatClient/Content/UI/Image/globe-outline.uexp" 26
"C:/OJT/2022/ChatClient/Content/UI/Image/globe-outline.ubulk" 27
"C:/OJT/2022/ChatClient/Content/UI/BPUserEntry.uasset" 28
"C:/OJT/2022/ChatClient/Content/UI/BPUserEntry.uexp" 29
"C:/OJT/2022/ChatClient/Content/UI/BPUserList.uasset" 30
"C:/OJT/2022/ChatClient/Content/UI/BPUserList.uexp" 31
"C:/OJT/2022/ChatClient/Content/UI/BPRoomEntryInternal.uasset" 32
"C:/OJT/2022/ChatClient/Content/UI/BPRoomEntryInternal.uexp" 33
"C:/OJT/2022/ChatClient/Content/UI/BPRoomEntry.uasset" 34
"C:/OJT/2022/ChatClient/Content/UI/BPRoomEntry.uexp" 35
"C:/OJT/2022/ChatClient/Content/UI/BPRoomList.uasset" 36
"C:/OJT/2022/ChatClient/Content/UI/BPRoomList.uexp" 37
"C:/OJT/2022/ChatClient/Content/UI/BPConnect.uasset" 38
"C:/OJT/2022/ChatClient/Content/UI/BPConnect.uexp" 39
"C:/OJT/2022/ChatClient/Content/UI/BPChatMain.uasset" 40
"C:/OJT/2022/ChatClient/Content/UI/BPChatMain.uexp" 41
"C:/OJT/2022/ChatClient/Content/UI/Font/Netmarble.uasset" 42
"C:/OJT/2022/ChatClient/Content/UI/Font/Netmarble.uexp" 43
"C:/OJT/2022/ChatClient/Content/UI/Font/Netmarble.ufont" 44
"C:/OJT/2022/ChatClient/Content/UI/Font/Netmarble_L.uasset" 45
"C:/OJT/2022/ChatClient/Content/UI/Font/Netmarble_L.uexp" 46
"C:/OJT/2022/ChatClient/Content/UI/Font/Netmarble_L.ufont" 47
"C:/OJT/2022/ChatClient/Content/UI/Font/Netmarble_M.uasset" 48
"C:/OJT/2022/ChatClient/Content/UI/Font/Netmarble_M.uexp" 49
"C:/OJT/2022/ChatClient/Content/UI/Font/Netmarble_M.ufont" 50
"C:/OJT/2022/ChatClient/Content/UI/Font/RixMGoB.uasset" 51
"C:/OJT/2022/ChatClient/Content/UI/Font/RixMGoB.uexp" 52
"C:/OJT/2022/ChatClient/Content/UI/Font/RixMGoB.ufont" 53
"C:/OJT/2022/ChatClient/Content/UI/Font/RixMGoEB.uasset" 54
"C:/OJT/2022/ChatClient/Content/UI/Font/RixMGoEB.uexp" 55
"C:/OJT/2022/ChatClient/Content/UI/Font/RixMGoEB.ufont" 56
"C:/OJT/2022/ChatClient/Content/UI/Font/RixMGoL.uasset" 57
"C:/OJT/2022/ChatClient/Content/UI/Font/RixMGoL.uexp" 58
"C:/OJT/2022/ChatClient/Content/UI/Font/RixMGoL.ufont" 59
"C:/OJT/2022/ChatClient/Content/UI/Image/chatbox-ellipses-outline.uasset" 60
"C:/OJT/2022/ChatClient/Content/UI/Image/chatbox-ellipses-outline.uexp" 61
"C:/OJT/2022/ChatClient/Content/UI/Image/chatbox-ellipses-outline.ubulk" 62
"C:/OJT/2022/ChatClient/Content/UI/Image/chatbox-outline.uasset" 63
"C:/OJT/2022/ChatClient/Content/UI/Image/chatbox-outline.uexp" 64
"C:/OJT/2022/ChatClient/Content/UI/Image/chatbox-outline.ubulk" 65
"C:/OJT/2022/ChatClient/Content/UI/Image/menu-outline.uasset" 66
"C:/OJT/2022/ChatClient/Content/UI/Image/menu-outline.uexp" 67
"C:/OJT/2022/ChatClient/Content/UI/Image/menu-outline.ubulk" 68
"../../../Engine/Content/EngineMaterials/T_Default_Material_Grid_N.uasset" 69
"../../../Engine/Content/EngineMaterials/T_Default_Material_Grid_N.uexp" 70
"../../../Engine/Content/EngineMaterials/T_Default_Material_Grid_N.ubulk" 71
"../../../Engine/Content/EngineMaterials/T_Default_Material_Grid_M.uasset" 72
"../../../Engine/Content/EngineMaterials/T_Default_Material_Grid_M.uexp" 73
"../../../Engine/Content/EngineMaterials/T_Default_Material_Grid_M.ubulk" 74
"../../../Engine/Content/Functions/Engine_MaterialFunctions01/Opacity/CameraDepthFade.uasset" 75
"../../../Engine/Content/Functions/Engine_MaterialFunctions01/Opacity/CameraDepthFade.uexp" 76
"../../../Engine/Content/EngineMaterials/WorldGridMaterial.uasset" 77
"../../../Engine/Content/EngineMaterials/WorldGridMaterial.uexp" 78
"../../../Engine/Content/ArtTools/RenderToTexture/Meshes/S_1_Unit_Plane.uasset" 79
"../../../Engine/Content/ArtTools/RenderToTexture/Meshes/S_1_Unit_Plane.uexp" 80
"../../../Engine/Content/EngineMaterials/DefaultMaterial.uasset" 81
"../../../Engine/Content/EngineMaterials/DefaultMaterial.uexp" 82
"../../../Engine/Content/BasicShapes/Cone.uasset" 83
"../../../Engine/Content/BasicShapes/Cone.uexp" 84
"../../../Engine/Content/BasicShapes/Cube.uasset" 85
"../../../Engine/Content/BasicShapes/Cube.uexp" 86
"../../../Engine/Content/BasicShapes/Plane.uasset" 87
"../../../Engine/Content/BasicShapes/Plane.uexp" 88
"../../../Engine/Content/BasicShapes/Sphere.uasset" 89
"../../../Engine/Content/BasicShapes/Sphere.uexp" 90
"../../../Engine/Content/EditorLandscapeResources/DataLayer.uasset" 91
"../../../Engine/Content/EditorLandscapeResources/DataLayer.uexp" 92
"../../../Engine/Content/EditorLandscapeResources/DefaultAlphaTexture.uasset" 93
"../../../Engine/Content/EditorLandscapeResources/DefaultAlphaTexture.uexp" 94
"../../../Engine/Content/EditorMaterials/MAT_Groups_Toggle.uasset" 95
"../../../Engine/Content/EditorMaterials/MAT_Groups_Toggle.uexp" 96
"../../../Engine/Content/EditorMaterials/MAT_Groups_Visibility.uasset" 97
"../../../Engine/Content/EditorMaterials/MAT_Groups_Visibility.uexp" 98
"../../../Engine/Content/EditorMaterials/PreviewShadowIndicator.uasset" 99
"../../../Engine/Content/EditorMaterials/PreviewShadowIndicator.uexp" 100
"../../../Engine/Content/EditorMaterials/PreviewShadowIndicator.ubulk" 101
"../../../Engine/Content/EditorMaterials/PreviewShadowIndicatorMaterial.uasset" 102
"../../../Engine/Content/EditorMaterials/PreviewShadowIndicatorMaterial.uexp" 103
"../../../Engine/Content/EditorMaterials/MatineeGroups/MAT_ColorTrack.uasset" 104
"../../../Engine/Content/EditorMaterials/MatineeGroups/MAT_ColorTrack.uexp" 105
"../../../Engine/Content/EditorMaterials/MatineeGroups/MAT_Groups_Anim.uasset" 106
"../../../Engine/Content/EditorMaterials/MatineeGroups/MAT_Groups_Anim.uexp" 107
"../../../Engine/Content/EditorMaterials/MatineeGroups/MAT_Groups_AudioMaster.uasset" 108
"../../../Engine/Content/EditorMaterials/MatineeGroups/MAT_Groups_AudioMaster.uexp" 109
"../../../Engine/Content/EditorMaterials/MatineeGroups/MAT_Groups_Director.uasset" 110
"../../../Engine/Content/EditorMaterials/MatineeGroups/MAT_Groups_Director.uexp" 111
"../../../Engine/Content/EditorMaterials/MatineeGroups/MAT_Groups_Event.uasset" 112
"../../../Engine/Content/EditorMaterials/MatineeGroups/MAT_Groups_Event.uexp" 113
"../../../Engine/Content/EditorMaterials/MatineeGroups/MAT_Groups_Fade.uasset" 114
"../../../Engine/Content/EditorMaterials/MatineeGroups/MAT_Groups_Fade.uexp" 115
"../../../Engine/Content/EditorMaterials/MatineeGroups/MAT_Groups_Float.uasset" 116
"../../../Engine/Content/EditorMaterials/MatineeGroups/MAT_Groups_Float.uexp" 117
"../../../Engine/Content/EditorMaterials/MatineeGroups/MAT_Groups_Move.uasset" 118
"../../../Engine/Content/EditorMaterials/MatineeGroups/MAT_Groups_Move.uexp" 119
"../../../Engine/Content/EditorMaterials/MatineeGroups/MAT_Groups_Slomo.uasset" 120
"../../../Engine/Content/EditorMaterials/MatineeGroups/MAT_Groups_Slomo.uexp" 121
"../../../Engine/Content/EditorMaterials/MatineeGroups/MAT_Groups_Sound.uasset" 122
"../../../Engine/Content/EditorMaterials/MatineeGroups/MAT_Groups_Sound.uexp" 123
"../../../Engine/Content/EditorMaterials/MatineeGroups/MAT_Groups_Vector.uasset" 124
"../../../Engine/Content/EditorMaterials/MatineeGroups/MAT_Groups_Vector.uexp" 125
"../../../Engine/Content/EditorMaterials/ParticleSystems/PSysThumbnail_NoImage.uasset" 126
"../../../Engine/Content/EditorMaterials/ParticleSystems/PSysThumbnail_NoImage.uexp" 127
"../../../Engine/Content/EditorMaterials/ParticleSystems/PSysThumbnail_NoImage.ubulk" 128
"../../../Engine/Content/EditorMaterials/ParticleSystems/PSysThumbnail_OOD.uasset" 129
"../../../Engine/Content/EditorMaterials/ParticleSystems/PSysThumbnail_OOD.uexp" 130
"../../../Engine/Content/EditorMaterials/ParticleSystems/PSysThumbnail_OOD.ubulk" 131
"../../../Engine/Content/EditorMaterials/Camera/CineMat.uasset" 132
"../../../Engine/Content/EditorMaterials/Camera/CineMat.uexp" 133
"../../../Engine/Content/EditorMaterials/Camera/MI_CineMat_Rig.uasset" 134
"../../../Engine/Content/EditorMaterials/Camera/MI_CineMat_Rig.uexp" 135
"../../../Engine/Content/EditorMeshes/Camera/SM_CraneRig_Arm.uasset" 136
"../../../Engine/Content/EditorMeshes/Camera/SM_CraneRig_Arm.uexp" 137
"../../../Engine/Content/EditorMeshes/Camera/SM_CraneRig_Base.uasset" 138
"../../../Engine/Content/EditorMeshes/Camera/SM_CraneRig_Base.uexp" 139
"../../../Engine/Content/EditorMeshes/Camera/SM_CraneRig_Body.uasset" 140
"../../../Engine/Content/EditorMeshes/Camera/SM_CraneRig_Body.uexp" 141
"../../../Engine/Content/EditorMeshes/Camera/SM_CraneRig_Mount.uasset" 142
"../../../Engine/Content/EditorMeshes/Camera/SM_CraneRig_Mount.uexp" 143
"../../../Engine/Content/EditorMeshes/Camera/SM_RailRig_Mount.uasset" 144
"../../../Engine/Content/EditorMeshes/Camera/SM_RailRig_Mount.uexp" 145
"../../../Engine/Content/EditorMeshes/Camera/SM_RailRig_Track.uasset" 146
"../../../Engine/Content/EditorMeshes/Camera/SM_RailRig_Track.uexp" 147
"../../../Engine/Content/EditorResources/BSPVertex.uasset" 148
"../../../Engine/Content/EditorResources/BSPVertex.uexp" 149
"../../../Engine/Content/EditorResources/EmptyActor.uasset" 150
"../../../Engine/Content/EditorResources/EmptyActor.uexp" 151
"../../../Engine/Content/EditorResources/S_Actor.uasset" 152
"../../../Engine/Content/EditorResources/S_Actor.uexp" 153
"../../../Engine/Content/EditorResources/S_Actor.ubulk" 154
"../../../Engine/Content/EditorResources/S_Note.uasset" 155
"../../../Engine/Content/EditorResources/S_Note.uexp" 156
"../../../Engine/Content/EditorResources/S_Note.ubulk" 157
"../../../Engine/Content/EditorResources/S_Solver.uasset" 158
"../../../Engine/Content/EditorResources/S_Solver.uexp" 159
"../../../Engine/Content/EditorResources/S_Solver.ubulk" 160
"../../../Engine/Content/EditorResources/S_Terrain.uasset" 161
"../../../Engine/Content/EditorResources/S_Terrain.uexp" 162
"../../../Engine/Content/EditorResources/S_Terrain.ubulk" 163
"../../../Engine/Content/EditorResources/S_Trigger.uasset" 164
"../../../Engine/Content/EditorResources/S_Trigger.uexp" 165
"../../../Engine/Content/EditorResources/S_Trigger.ubulk" 166
"../../../Engine/Content/EditorResources/LightIcons/S_LightError.uasset" 167
"../../../Engine/Content/EditorResources/LightIcons/S_LightError.uexp" 168
"../../../Engine/Content/EditorResources/SequenceRecorder/Countdown.uasset" 169
"../../../Engine/Content/EditorResources/SequenceRecorder/Countdown.uexp" 170
"../../../Engine/Content/EditorResources/SequenceRecorder/RecordingIndicator.uasset" 171
"../../../Engine/Content/EditorResources/SequenceRecorder/RecordingIndicator.uexp" 172
"../../../Engine/Content/EngineDamageTypes/DmgTypeBP_Environmental.uasset" 173
"../../../Engine/Content/EngineDamageTypes/DmgTypeBP_Environmental.uexp" 174
"../../../Engine/Content/EngineDebugMaterials/DebugEditorMaterial.uasset" 175
"../../../Engine/Content/EngineDebugMaterials/DebugEditorMaterial.uexp" 176
"../../../Engine/Content/EngineDebugMaterials/DebugMeshMaterial.uasset" 177
"../../../Engine/Content/EngineDebugMaterials/DebugMeshMaterial.uexp" 178
"../../../Engine/Content/EngineDebugMaterials/M_SimpleUnlitTranslucent.uasset" 179
"../../../Engine/Content/EngineDebugMaterials/M_SimpleUnlitTranslucent.uexp" 180
"../../../Engine/Content/EngineDebugMaterials/VolumeToRender.uasset" 181
"../../../Engine/Content/EngineDebugMaterials/VolumeToRender.uexp" 182
"../../../Engine/Content/Functions/Engine_MaterialFunctions02/Utility/CameraDirectionVector.uasset" 183
"../../../Engine/Content/Functions/Engine_MaterialFunctions02/Utility/CameraDirectionVector.uexp" 184
"../../../Engine/Content/EngineDebugMaterials/M_VolumeRenderSphereTracePP.uasset" 185
"../../../Engine/Content/EngineDebugMaterials/M_VolumeRenderSphereTracePP.uexp" 186
"../../../Engine/Content/Functions/Engine_MaterialFunctions01/Shading/ConvertFromDiffSpec.uasset" 187
"../../../Engine/Content/Functions/Engine_MaterialFunctions01/Shading/ConvertFromDiffSpec.uexp" 188
"../../../Engine/Content/EngineDebugMaterials/VertexColorMaterial.uasset" 189
"../../../Engine/Content/EngineDebugMaterials/VertexColorMaterial.uexp" 190
"../../../Engine/Content/EngineDebugMaterials/WireframeMaterial.uasset" 191
"../../../Engine/Content/EngineDebugMaterials/WireframeMaterial.uexp" 192
"../../../Engine/Content/EngineFonts/Faces/RobotoRegular.uasset" 193
"../../../Engine/Content/EngineFonts/Faces/RobotoRegular.uexp" 194
"../../../Engine/Content/EngineFonts/Faces/RobotoRegular.ufont" 195
"../../../Engine/Content/EngineFonts/Faces/RobotoLight.uasset" 196
"../../../Engine/Content/EngineFonts/Faces/RobotoLight.uexp" 197
"../../../Engine/Content/EngineFonts/Faces/RobotoLight.ufont" 198
"../../../Engine/Content/EngineFonts/Faces/RobotoItalic.uasset" 199
"../../../Engine/Content/EngineFonts/Faces/RobotoItalic.uexp" 200
"../../../Engine/Content/EngineFonts/Faces/RobotoItalic.ufont" 201
"../../../Engine/Content/EngineFonts/Faces/RobotoBoldItalic.uasset" 202
"../../../Engine/Content/EngineFonts/Faces/RobotoBoldItalic.uexp" 203
"../../../Engine/Content/EngineFonts/Faces/RobotoBoldItalic.ufont" 204
"../../../Engine/Content/EngineFonts/Faces/RobotoBold.uasset" 205
"../../../Engine/Content/EngineFonts/Faces/RobotoBold.uexp" 206
"../../../Engine/Content/EngineFonts/Faces/RobotoBold.ufont" 207
"../../../Engine/Content/EngineFonts/Faces/DroidSansFallback.uasset" 208
"../../../Engine/Content/EngineFonts/Faces/DroidSansFallback.uexp" 209
"../../../Engine/Content/EngineFonts/Faces/DroidSansFallback.ufont" 210
"../../../Engine/Content/EngineFonts/Roboto.uasset" 211
"../../../Engine/Content/EngineFonts/Roboto.uexp" 212
"../../../Engine/Content/EngineMaterials/BaseFlattenNormalMap.uasset" 213
"../../../Engine/Content/EngineMaterials/BaseFlattenNormalMap.uexp" 214
"../../../Engine/Content/EngineMaterials/BaseFlattenGrayscaleMap.uasset" 215
"../../../Engine/Content/EngineMaterials/BaseFlattenGrayscaleMap.uexp" 216
"../../../Engine/Content/EngineMaterials/BaseFlattenEmissiveMap.uasset" 217
"../../../Engine/Content/EngineMaterials/BaseFlattenEmissiveMap.uexp" 218
"../../../Engine/Content/EngineMaterials/BaseFlattenDiffuseMap.uasset" 219
"../../../Engine/Content/EngineMaterials/BaseFlattenDiffuseMap.uexp" 220
"../../../Engine/Content/EngineMaterials/BaseFlattenMaterial.uasset" 221
"../../../Engine/Content/EngineMaterials/BaseFlattenMaterial.uexp" 222
"../../../Engine/Content/EngineMaterials/BlueNoise.uasset" 223
"../../../Engine/Content/EngineMaterials/BlueNoise.uexp" 224
"../../../Engine/Content/EngineMaterials/DefaultBloomKernel.uasset" 225
"../../../Engine/Content/EngineMaterials/DefaultBloomKernel.uexp" 226
"../../../Engine/Content/EngineMaterials/DefaultBokeh.uasset" 227
"../../../Engine/Content/EngineMaterials/DefaultBokeh.uexp" 228
"../../../Engine/Content/EngineMaterials/DefaultDiffuse.uasset" 229
"../../../Engine/Content/EngineMaterials/DefaultDiffuse.uexp" 230
"../../../Engine/Content/EngineMaterials/DefaultDiffuse.ubulk" 231
"../../../Engine/Content/EngineMaterials/DefaultDeferredDecalMaterial.uasset" 232
"../../../Engine/Content/EngineMaterials/DefaultDeferredDecalMaterial.uexp" 233
"../../../Engine/Content/EngineMaterials/DefaultLightFunctionMaterial.uasset" 234
"../../../Engine/Content/EngineMaterials/DefaultLightFunctionMaterial.uexp" 235
"../../../Engine/Content/EngineMaterials/DefaultPhysicalMaterial.uasset" 236
"../../../Engine/Content/EngineMaterials/DefaultPhysicalMaterial.uexp" 237
"../../../Engine/Content/Functions/Engine_MaterialFunctions02/Utility/BreakOutFloat2Components.uasset" 238
"../../../Engine/Content/Functions/Engine_MaterialFunctions02/Utility/BreakOutFloat2Components.uexp" 239
"../../../Engine/Content/EngineMaterials/DefaultPostProcessMaterial.uasset" 240
"../../../Engine/Content/EngineMaterials/DefaultPostProcessMaterial.uexp" 241
"../../../Engine/Content/EngineFonts/RobotoDistanceField.uasset" 242
"../../../Engine/Content/EngineFonts/RobotoDistanceField.uexp" 243
"../../../Engine/Content/EngineMaterials/DefaultTextMaterialOpaque.uasset" 244
"../../../Engine/Content/EngineMaterials/DefaultTextMaterialOpaque.uexp" 245
"../../../Engine/Content/EngineMaterials/DefaultWhiteGrid.uasset" 246
"../../../Engine/Content/EngineMaterials/DefaultWhiteGrid.uexp" 247
"../../../Engine/Content/EngineMaterials/DefaultWhiteGrid.ubulk" 248
"../../../Engine/Content/EngineMaterials/DefaultWhiteGrid_Low.uasset" 249
"../../../Engine/Content/EngineMaterials/DefaultWhiteGrid_Low.uexp" 250
"../../../Engine/Content/EngineMaterials/EmissiveMeshMaterial.uasset" 251
"../../../Engine/Content/EngineMaterials/EmissiveMeshMaterial.uexp" 252
"../../../Engine/Content/EngineMaterials/GizmoMaterial.uasset" 253
"../../../Engine/Content/EngineMaterials/GizmoMaterial.uexp" 254
"../../../Engine/Content/EngineMaterials/Good64x64TilingNoiseHighFreq.uasset" 255
"../../../Engine/Content/EngineMaterials/Good64x64TilingNoiseHighFreq.uexp" 256
"../../../Engine/Content/EngineMaterials/MiniFont.uasset" 257
"../../../Engine/Content/EngineMaterials/MiniFont.uexp" 258
"../../../Engine/Content/EngineMaterials/InvalidLightmapSettings.uasset" 259
"../../../Engine/Content/EngineMaterials/InvalidLightmapSettings.uexp" 260
"../../../Engine/Content/EngineMaterials/InvalidLightmapSettings.ubulk" 261
"../../../Engine/Content/EngineMaterials/M_InvalidLightmapSettings.uasset" 262
"../../../Engine/Content/EngineMaterials/M_InvalidLightmapSettings.uexp" 263
"../../../Engine/Content/Functions/Engine_MaterialFunctions02/WorldPositionOffset/CameraOffset.uasset" 264
"../../../Engine/Content/Functions/Engine_MaterialFunctions02/WorldPositionOffset/CameraOffset.uexp" 265
"../../../Engine/Content/EngineMaterials/PhAT_JointLimitMaterial.uasset" 266
"../../../Engine/Content/EngineMaterials/PhAT_JointLimitMaterial.uexp" 267
"../../../Engine/Content/EngineMaterials/DefaultCalibrationColor.uasset" 268
"../../../Engine/Content/EngineMaterials/DefaultCalibrationColor.uexp" 269
"../../../Engine/Content/EngineMaterials/PPM_DefaultCalibrationColor.uasset" 270
"../../../Engine/Content/EngineMaterials/PPM_DefaultCalibrationColor.uexp" 271
"../../../Engine/Content/EngineMaterials/DefaultCalibrationGrayscale.uasset" 272
"../../../Engine/Content/EngineMaterials/DefaultCalibrationGrayscale.uexp" 273
"../../../Engine/Content/EngineMaterials/PPM_DefaultCalibrationGrayscale.uasset" 274
"../../../Engine/Content/EngineMaterials/PPM_DefaultCalibrationGrayscale.uexp" 275
"../../../Engine/Content/EngineMaterials/PreintegratedSkinBRDF.uasset" 276
"../../../Engine/Content/EngineMaterials/PreintegratedSkinBRDF.uexp" 277
"../../../Engine/Content/EngineMaterials/RemoveSurfaceMaterial.uasset" 278
"../../../Engine/Content/EngineMaterials/RemoveSurfaceMaterial.uexp" 279
"../../../Engine/Content/EngineMaterials/WeightMapPlaceholderTexture.uasset" 280
"../../../Engine/Content/EngineMaterials/WeightMapPlaceholderTexture.uexp" 281
"../../../Engine/Content/EngineResources/WhiteSquareTexture.uasset" 282
"../../../Engine/Content/EngineResources/WhiteSquareTexture.uexp" 283
"../../../Engine/Content/EngineMaterials/Widget3DPassThrough.uasset" 284
"../../../Engine/Content/EngineMaterials/Widget3DPassThrough.uexp" 285
"../../../Engine/Content/EngineMaterials/Widget3DPassThrough_Masked.uasset" 286
"../../../Engine/Content/EngineMaterials/Widget3DPassThrough_Masked.uexp" 287
"../../../Engine/Content/EngineMaterials/Widget3DPassThrough_Opaque.uasset" 288
"../../../Engine/Content/EngineMaterials/Widget3DPassThrough_Opaque.uexp" 289
"../../../Engine/Content/EngineMaterials/Widget3DPassThrough_Masked_OneSided.uasset" 290
"../../../Engine/Content/EngineMaterials/Widget3DPassThrough_Masked_OneSided.uexp" 291
"../../../Engine/Content/EngineMaterials/Widget3DPassThrough_Opaque_OneSided.uasset" 292
"../../../Engine/Content/EngineMaterials/Widget3DPassThrough_Opaque_OneSided.uexp" 293
"../../../Engine/Content/EngineMaterials/Widget3DPassThrough_Translucent.uasset" 294
"../../../Engine/Content/EngineMaterials/Widget3DPassThrough_Translucent.uexp" 295
"../../../Engine/Content/EngineMaterials/Widget3DPassThrough_Translucent_OneSided.uasset" 296
"../../../Engine/Content/EngineMaterials/Widget3DPassThrough_Translucent_OneSided.uexp" 297
"../../../Engine/Content/EngineMeshes/Cylinder.uasset" 298
"../../../Engine/Content/EngineMeshes/Cylinder.uexp" 299
"../../../Engine/Content/EngineMeshes/Sphere.uasset" 300
"../../../Engine/Content/EngineMeshes/Sphere.uexp" 301
"../../../Engine/Content/EngineResources/DefaultTexture.uasset" 302
"../../../Engine/Content/EngineResources/DefaultTexture.uexp" 303
"../../../Engine/Content/EngineResources/DefaultTexture.ubulk" 304
"../../../Engine/Content/EngineResources/DefaultTextureCube.uasset" 305
"../../../Engine/Content/EngineResources/DefaultTextureCube.uexp" 306
"../../../Engine/Content/EngineResources/DefaultVolumeTexture2D.uasset" 307
"../../../Engine/Content/EngineResources/DefaultVolumeTexture2D.uexp" 308
"../../../Engine/Content/EngineResources/DefaultVolumeTexture.uasset" 309
"../../../Engine/Content/EngineResources/DefaultVolumeTexture.uexp" 310
"../../../Engine/Content/EngineResources/GradientTexture0.uasset" 311
"../../../Engine/Content/EngineResources/GradientTexture0.uexp" 312
"../../../Engine/Content/EngineSky/VolumetricClouds/T_NoiseShape64.uasset" 313
"../../../Engine/Content/EngineSky/VolumetricClouds/T_NoiseShape64.uexp" 314
"../../../Engine/Content/EngineSky/VolumetricClouds/T_NoiseShape64.ubulk" 315
"../../../Engine/Content/EngineSky/VolumetricClouds/T_VolumeNoiseShape64.uasset" 316
"../../../Engine/Content/EngineSky/VolumetricClouds/T_VolumeNoiseShape64.uexp" 317
"../../../Engine/Content/EngineSky/VolumetricClouds/T_NoiseErosion.uasset" 318
"../../../Engine/Content/EngineSky/VolumetricClouds/T_NoiseErosion.uexp" 319
"../../../Engine/Content/EngineSky/VolumetricClouds/T_NoiseErosion.ubulk" 320
"../../../Engine/Content/EngineSky/VolumetricClouds/T_VolumeNoiseErosion32.uasset" 321
"../../../Engine/Content/EngineSky/VolumetricClouds/T_VolumeNoiseErosion32.uexp" 322
"../../../Engine/Content/EngineSky/VolumetricClouds/CloudWeatherTexture.uasset" 323
"../../../Engine/Content/EngineSky/VolumetricClouds/CloudWeatherTexture.uexp" 324
"../../../Engine/Content/EngineSky/VolumetricClouds/CloudGradientTexture.uasset" 325
"../../../Engine/Content/EngineSky/VolumetricClouds/CloudGradientTexture.uexp" 326
"../../../Engine/Content/Functions/Engine_MaterialFunctions02/Utility/MakeFloat2.uasset" 327
"../../../Engine/Content/Functions/Engine_MaterialFunctions02/Utility/MakeFloat2.uexp" 328
"../../../Engine/Content/EngineSky/VolumetricClouds/m_SimpleVolumetricCloud.uasset" 329
"../../../Engine/Content/EngineSky/VolumetricClouds/m_SimpleVolumetricCloud.uexp" 330
"../../../Engine/Content/EngineSky/VolumetricClouds/m_SimpleVolumetricCloud_Inst.uasset" 331
"../../../Engine/Content/EngineSky/VolumetricClouds/m_SimpleVolumetricCloud_Inst.uexp" 332
"../../../Engine/Content/EngineSounds/Master.uasset" 333
"../../../Engine/Content/EngineSounds/Master.uexp" 334
"../../../Engine/Content/Functions/Engine_MaterialFunctions01/Shading/PowerToRoughness.uasset" 335
"../../../Engine/Content/Functions/Engine_MaterialFunctions01/Shading/PowerToRoughness.uexp" 336
"../../../Engine/Content/Maps/Templates/Thumbnails/Default.uasset" 337
"../../../Engine/Content/Maps/Templates/Thumbnails/Default.uexp" 338
"../../../Engine/Content/Maps/Templates/Thumbnails/TimeOfDay.uasset" 339
"../../../Engine/Content/Maps/Templates/Thumbnails/TimeOfDay.uexp" 340
"../../../Engine/Content/Maps/Templates/Thumbnails/VR-Basic.uasset" 341
"../../../Engine/Content/Maps/Templates/Thumbnails/VR-Basic.uexp" 342
"../../../Engine/Content/MobileResources/T_MobileControls_texture.uasset" 343
"../../../Engine/Content/MobileResources/T_MobileControls_texture.uexp" 344
"../../../Engine/Content/MobileResources/T_MobileMenu2.uasset" 345
"../../../Engine/Content/MobileResources/T_MobileMenu2.uexp" 346
"../../../Engine/Content/MobileResources/HUD/AnalogHat.uasset" 347
"../../../Engine/Content/MobileResources/HUD/AnalogHat.uexp" 348
"../../../Engine/Content/MobileResources/HUD/VirtualJoystick_Thumb.uasset" 349
"../../../Engine/Content/MobileResources/HUD/VirtualJoystick_Thumb.uexp" 350
"../../../Engine/Content/MobileResources/HUD/VirtualJoystick_Background.uasset" 351
"../../../Engine/Content/MobileResources/HUD/VirtualJoystick_Background.uexp" 352
"../../../Engine/Content/MobileResources/HUD/DefaultVirtualJoysticks.uasset" 353
"../../../Engine/Content/MobileResources/HUD/DefaultVirtualJoysticks.uexp" 354
"../../../Engine/Content/MobileResources/HUD/LeftVirtualJoystickOnly.uasset" 355
"../../../Engine/Content/MobileResources/HUD/LeftVirtualJoystickOnly.uexp" 356
"../../../Engine/Content/MobileResources/HUD/MobileHUDButton1_off.uasset" 357
"../../../Engine/Content/MobileResources/HUD/MobileHUDButton1_off.uexp" 358
"../../../Engine/Content/MobileResources/HUD/MobileHUDButton1_on.uasset" 359
"../../../Engine/Content/MobileResources/HUD/MobileHUDButton1_on.uexp" 360
"../../../Engine/Content/MobileResources/HUD/MobileHUDButton2_off.uasset" 361
"../../../Engine/Content/MobileResources/HUD/MobileHUDButton2_off.uexp" 362
"../../../Engine/Content/MobileResources/HUD/MobileHUDButton2_on.uasset" 363
"../../../Engine/Content/MobileResources/HUD/MobileHUDButton2_on.uexp" 364
"../../../Engine/Content/MobileResources/HUD/MobileHUDButton3.uasset" 365
"../../../Engine/Content/MobileResources/HUD/MobileHUDButton3.uexp" 366
"../../../Engine/Content/MobileResources/HUD/MobileHUDButtonFire.uasset" 367
"../../../Engine/Content/MobileResources/HUD/MobileHUDButtonFire.uexp" 368
"../../../Engine/Content/MobileResources/HUD/MobileHUDDirectionPad.uasset" 369
"../../../Engine/Content/MobileResources/HUD/MobileHUDDirectionPad.uexp" 370
"../../../Engine/Content/MobileResources/HUD/MobileHUDDirectionPad2.uasset" 371
"../../../Engine/Content/MobileResources/HUD/MobileHUDDirectionPad2.uexp" 372
"../../../Engine/Content/MobileResources/HUD/MobileHUDDirectionPad3.uasset" 373
"../../../Engine/Content/MobileResources/HUD/MobileHUDDirectionPad3.uexp" 374
"../../../Engine/Content/MobileResources/HUD/MobileHUDDirectionStick.uasset" 375
"../../../Engine/Content/MobileResources/HUD/MobileHUDDirectionStick.uexp" 376
"../../../Engine/Content/MobileResources/HUD/T_Castle_ThumbstickInner.uasset" 377
"../../../Engine/Content/MobileResources/HUD/T_Castle_ThumbstickInner.uexp" 378
"../../../Engine/Content/MobileResources/HUD/T_Castle_ThumbstickOutter.uasset" 379
"../../../Engine/Content/MobileResources/HUD/T_Castle_ThumbstickOutter.uexp" 380
"../../../Engine/Content/Tutorial/ContentIntroCurve.uasset" 381
"../../../Engine/Content/Tutorial/ContentIntroCurve.uexp" 382
"../../../Engine/Content/VREditor/TransformGizmo/TranslucentTransformGizmoMaterial.uasset" 383
"../../../Engine/Content/VREditor/TransformGizmo/TranslucentTransformGizmoMaterial.uexp" 384
"../../../Engine/Content/VREditor/LaserPointer/VR_LaserPower_01.uasset" 385
"../../../Engine/Content/VREditor/LaserPointer/VR_LaserPower_01.uexp" 386
"../../../Engine/Content/VREditor/LaserPointer/VR_LaserPower_01.ubulk" 387
"../../../Engine/Content/VREditor/TransformGizmo/TransformGizmoMaterial.uasset" 388
"../../../Engine/Content/VREditor/TransformGizmo/TransformGizmoMaterial.uexp" 389
"../../../Engine/Content/VREditor/TransformGizmo/BoundingBoxCorner.uasset" 390
"../../../Engine/Content/VREditor/TransformGizmo/BoundingBoxCorner.uexp" 391
"../../../Engine/Content/VREditor/TransformGizmo/BoundingBoxEdge.uasset" 392
"../../../Engine/Content/VREditor/TransformGizmo/BoundingBoxEdge.uexp" 393
"../../../Engine/Content/VREditor/TransformGizmo/PlaneTranslationHandle.uasset" 394
"../../../Engine/Content/VREditor/TransformGizmo/PlaneTranslationHandle.uexp" 395
"../../../Engine/Content/VREditor/TransformGizmo/Xray.uasset" 396
"../../../Engine/Content/VREditor/TransformGizmo/Xray.uexp" 397
"../../../Engine/Content/VREditor/TransformGizmo/Main.uasset" 398
"../../../Engine/Content/VREditor/TransformGizmo/Main.uexp" 399
"../../../Engine/Content/VREditor/TransformGizmo/SM_Sequencer_Key.uasset" 400
"../../../Engine/Content/VREditor/TransformGizmo/SM_Sequencer_Key.uexp" 401
"../../../Engine/Content/VREditor/TransformGizmo/SM_Sequencer_Node.uasset" 402
"../../../Engine/Content/VREditor/TransformGizmo/SM_Sequencer_Node.uexp" 403
"../../../Engine/Plugins/2D/Paper2D/Content/PlaceholderTextures/DummySpriteTexture.uasset" 404
"../../../Engine/Plugins/2D/Paper2D/Content/PlaceholderTextures/DummySpriteTexture.uexp" 405
"../../../Engine/Plugins/2D/Paper2D/Content/PlaceholderTextures/DummySpriteTexture.ubulk" 406
"../../../Engine/Plugins/2D/Paper2D/Content/DummySprite.uasset" 407
"../../../Engine/Plugins/2D/Paper2D/Content/DummySprite.uexp" 408
"../../../Engine/Plugins/2D/Paper2D/Content/DefaultPaperTerrainMaterial.uasset" 409
"../../../Engine/Plugins/2D/Paper2D/Content/DefaultPaperTerrainMaterial.uexp" 410
"../../../Engine/Plugins/2D/Paper2D/Content/DefaultSpriteMaterial.uasset" 411
"../../../Engine/Plugins/2D/Paper2D/Content/DefaultSpriteMaterial.uexp" 412
"../../../Engine/Plugins/2D/Paper2D/Content/MaskedUnlitSpriteMaterial.uasset" 413
"../../../Engine/Plugins/2D/Paper2D/Content/MaskedUnlitSpriteMaterial.uexp" 414
"../../../Engine/Plugins/2D/Paper2D/Content/OpaqueUnlitSpriteMaterial.uasset" 415
"../../../Engine/Plugins/2D/Paper2D/Content/OpaqueUnlitSpriteMaterial.uexp" 416
"../../../Engine/Content/Functions/Engine_MaterialFunctions02/Utility/VectorLength.uasset" 417
"../../../Engine/Content/Functions/Engine_MaterialFunctions02/Utility/VectorLength.uexp" 418
"../../../Engine/Content/Functions/Engine_MaterialFunctions02/ObjectLocalBounds.uasset" 419
"../../../Engine/Content/Functions/Engine_MaterialFunctions02/ObjectLocalBounds.uexp" 420
"../../../Engine/Content/Functions/Engine_MaterialFunctions02/WorldPositionOffset/ObjectScale.uasset" 421
"../../../Engine/Content/Functions/Engine_MaterialFunctions02/WorldPositionOffset/ObjectScale.uexp" 422
"../../../Engine/Content/Functions/Engine_MaterialFunctions02/Utility/BreakOutFloat3Components.uasset" 423
"../../../Engine/Content/Functions/Engine_MaterialFunctions02/Utility/BreakOutFloat3Components.uexp" 424
"../../../Engine/Plugins/Editor/SpeedTreeImporter/Content/SpeedTree9/UnpackInteger3.uasset" 425
"../../../Engine/Plugins/Editor/SpeedTreeImporter/Content/SpeedTree9/UnpackInteger3.uexp" 426
"../../../Engine/Plugins/Editor/SpeedTreeImporter/Content/SpeedTree9/UnpackDirection.uasset" 427
"../../../Engine/Plugins/Editor/SpeedTreeImporter/Content/SpeedTree9/UnpackDirection.uexp" 428
"../../../Engine/Plugins/Editor/SpeedTreeImporter/Content/SpeedTree9/game_wind_noise.uasset" 429
"../../../Engine/Plugins/Editor/SpeedTreeImporter/Content/SpeedTree9/game_wind_noise.uexp" 430
"../../../Engine/Plugins/Editor/SpeedTreeImporter/Content/SpeedTree9/game_wind_noise.ubulk" 431
"../../../Engine/Content/Functions/Engine_MaterialFunctions02/SafeNormalize.uasset" 432
"../../../Engine/Content/Functions/Engine_MaterialFunctions02/SafeNormalize.uexp" 433
"../../../Engine/Plugins/Editor/SpeedTreeImporter/Content/SpeedTree9/SpeedTreeWindMotion.uasset" 434
"../../../Engine/Plugins/Editor/SpeedTreeImporter/Content/SpeedTree9/SpeedTreeWindMotion.uexp" 435
"../../../Engine/Plugins/Editor/SpeedTreeImporter/Content/SpeedTree9/SpeedTreeBranchMotion.uasset" 436
"../../../Engine/Plugins/Editor/SpeedTreeImporter/Content/SpeedTree9/SpeedTreeBranchMotion.uexp" 437
"../../../Engine/Content/Functions/Engine_MaterialFunctions02/UVs/BoundingBoxBased_0-1_UVW.uasset" 438
"../../../Engine/Content/Functions/Engine_MaterialFunctions02/UVs/BoundingBoxBased_0-1_UVW.uexp" 439
"../../../Engine/Plugins/Editor/SpeedTreeImporter/Content/SpeedTree9/SpeedTreeWind.uasset" 440
"../../../Engine/Plugins/Editor/SpeedTreeImporter/Content/SpeedTree9/SpeedTreeWind.uexp" 441
"../../../Engine/Plugins/Editor/SpeedTreeImporter/Content/SpeedTree9/SpeedTreeBillboard.uasset" 442
"../../../Engine/Plugins/Editor/SpeedTreeImporter/Content/SpeedTree9/SpeedTreeBillboard.uexp" 443
"../../../Engine/Plugins/Editor/SpeedTreeImporter/Content/SpeedTree9/EmptyNormal.uasset" 444
"../../../Engine/Plugins/Editor/SpeedTreeImporter/Content/SpeedTree9/EmptyNormal.uexp" 445
"../../../Engine/Plugins/Editor/SpeedTreeImporter/Content/SpeedTree9/Empty.uasset" 446
"../../../Engine/Plugins/Editor/SpeedTreeImporter/Content/SpeedTree9/Empty.uexp" 447
"../../../Engine/Plugins/Editor/SpeedTreeImporter/Content/SpeedTree9/SpeedTreeBillboardMaster.uasset" 448
"../../../Engine/Plugins/Editor/SpeedTreeImporter/Content/SpeedTree9/SpeedTreeBillboardMaster.uexp" 449
"../../../Engine/Plugins/Editor/SpeedTreeImporter/Content/SpeedTree9/SpeedTreeCameraFacing.uasset" 450
"../../../Engine/Plugins/Editor/SpeedTreeImporter/Content/SpeedTree9/SpeedTreeCameraFacing.uexp" 451
"../../../Engine/Plugins/Editor/SpeedTreeImporter/Content/SpeedTree9/SpeedTreeMaster.uasset" 452
"../../../Engine/Plugins/Editor/SpeedTreeImporter/Content/SpeedTree9/SpeedTreeMaster.uexp" 453
"../../../Engine/Content/BasicShapes/Cylinder.uasset" 454
"../../../Engine/Content/BasicShapes/Cylinder.uexp" 455
"../../../Engine/Content/ArtTools/RenderToTexture/Materials/Debug/M_Emissive_Color.uasset" 456
"../../../Engine/Content/ArtTools/RenderToTexture/Materials/Debug/M_Emissive_Color.uexp" 457
"../../../Engine/Plugins/Lumin/MagicLeapPassableWorld/Content/MagicLeapARPinInfoActor.uasset" 458
"../../../Engine/Plugins/Lumin/MagicLeapPassableWorld/Content/MagicLeapARPinInfoActor.uexp" 459
"../../../Engine/Plugins/Runtime/OpenXR/Content/Devices/GoogleDaydream/MRTexture.uasset" 460
"../../../Engine/Plugins/Runtime/OpenXR/Content/Devices/GoogleDaydream/MRTexture.uexp" 461
"../../../Engine/Plugins/Runtime/OpenXR/Content/Devices/GoogleDaydream/MRTexture.ubulk" 462
"../../../Engine/Plugins/Runtime/OpenXR/Content/Devices/GoogleDaydream/BaseTexture.uasset" 463
"../../../Engine/Plugins/Runtime/OpenXR/Content/Devices/GoogleDaydream/BaseTexture.uexp" 464
"../../../Engine/Plugins/Runtime/OpenXR/Content/Devices/GoogleDaydream/BaseTexture.ubulk" 465
"../../../Engine/Content/EngineResources/Black.uasset" 466
"../../../Engine/Content/EngineResources/Black.uexp" 467
"../../../Engine/Plugins/Runtime/OpenXR/Content/Devices/M_XRController.uasset" 468
"../../../Engine/Plugins/Runtime/OpenXR/Content/Devices/M_XRController.uexp" 469
"../../../Engine/Plugins/Runtime/OpenXR/Content/Devices/GoogleDaydream/MI_GoogleDaydream.uasset" 470
"../../../Engine/Plugins/Runtime/OpenXR/Content/Devices/GoogleDaydream/MI_GoogleDaydream.uexp" 471
"../../../Engine/Plugins/Runtime/OpenXR/Content/Devices/GoogleDaydream/GoogleDaydreamController.uasset" 472
"../../../Engine/Plugins/Runtime/OpenXR/Content/Devices/GoogleDaydream/GoogleDaydreamController.uexp" 473
"../../../Engine/Plugins/Runtime/OpenXR/Content/Devices/HTCVive/BaseTexture.uasset" 474
"../../../Engine/Plugins/Runtime/OpenXR/Content/Devices/HTCVive/BaseTexture.uexp" 475
"../../../Engine/Plugins/Runtime/OpenXR/Content/Devices/HTCVive/BaseTexture.ubulk" 476
"../../../Engine/Plugins/Runtime/OpenXR/Content/Devices/HTCVive/MI_HTCVive.uasset" 477
"../../../Engine/Plugins/Runtime/OpenXR/Content/Devices/HTCVive/MI_HTCVive.uexp" 478
"../../../Engine/Plugins/Runtime/OpenXR/Content/Devices/HTCVive/HTCViveController.uasset" 479
"../../../Engine/Plugins/Runtime/OpenXR/Content/Devices/HTCVive/HTCViveController.uexp" 480
"../../../Engine/Plugins/Runtime/OpenXR/Content/Devices/MicrosoftMixedReality/NormalTexture.uasset" 481
"../../../Engine/Plugins/Runtime/OpenXR/Content/Devices/MicrosoftMixedReality/NormalTexture.uexp" 482
"../../../Engine/Plugins/Runtime/OpenXR/Content/Devices/MicrosoftMixedReality/NormalTexture.ubulk" 483
"../../../Engine/Plugins/Runtime/OpenXR/Content/Devices/MicrosoftMixedReality/MRTexture.uasset" 484
"../../../Engine/Plugins/Runtime/OpenXR/Content/Devices/MicrosoftMixedReality/MRTexture.uexp" 485
"../../../Engine/Plugins/Runtime/OpenXR/Content/Devices/MicrosoftMixedReality/MRTexture.ubulk" 486
"../../../Engine/Plugins/Runtime/OpenXR/Content/Devices/MicrosoftMixedReality/EmissiveTexture.uasset" 487
"../../../Engine/Plugins/Runtime/OpenXR/Content/Devices/MicrosoftMixedReality/EmissiveTexture.uexp" 488
"../../../Engine/Plugins/Runtime/OpenXR/Content/Devices/MicrosoftMixedReality/EmissiveTexture.ubulk" 489
"../../../Engine/Plugins/Runtime/OpenXR/Content/Devices/MicrosoftMixedReality/BaseTexture.uasset" 490
"../../../Engine/Plugins/Runtime/OpenXR/Content/Devices/MicrosoftMixedReality/BaseTexture.uexp" 491
"../../../Engine/Plugins/Runtime/OpenXR/Content/Devices/MicrosoftMixedReality/BaseTexture.ubulk" 492
"../../../Engine/Plugins/Runtime/OpenXR/Content/Devices/MicrosoftMixedReality/MI_MicrosoftMixedReality.uasset" 493
"../../../Engine/Plugins/Runtime/OpenXR/Content/Devices/MicrosoftMixedReality/MI_MicrosoftMixedReality.uexp" 494
"../../../Engine/Plugins/Runtime/OpenXR/Content/Devices/MicrosoftMixedReality/Left/left_MicrosoftMixedRealityController.uasset" 495
"../../../Engine/Plugins/Runtime/OpenXR/Content/Devices/MicrosoftMixedReality/Left/left_MicrosoftMixedRealityController.uexp" 496
"../../../Engine/Plugins/Runtime/OpenXR/Content/Devices/MicrosoftMixedReality/Right/right_MicrosoftMixedRealityController.uasset" 497
"../../../Engine/Plugins/Runtime/OpenXR/Content/Devices/MicrosoftMixedReality/Right/right_MicrosoftMixedRealityController.uexp" 498
"../../../Engine/Plugins/Runtime/OpenXR/Content/Devices/OculusGo/BaseTexture.uasset" 499
"../../../Engine/Plugins/Runtime/OpenXR/Content/Devices/OculusGo/BaseTexture.uexp" 500
"../../../Engine/Plugins/Runtime/OpenXR/Content/Devices/OculusGo/BaseTexture.ubulk" 501
"../../../Engine/Plugins/Runtime/OpenXR/Content/Devices/OculusGo/MI_OculusGo.uasset" 502
"../../../Engine/Plugins/Runtime/OpenXR/Content/Devices/OculusGo/MI_OculusGo.uexp" 503
"../../../Engine/Plugins/Runtime/OpenXR/Content/Devices/OculusGo/OculusGoController.uasset" 504
"../../../Engine/Plugins/Runtime/OpenXR/Content/Devices/OculusGo/OculusGoController.uexp" 505
"../../../Engine/Plugins/Runtime/OpenXR/Content/Devices/OculusTouch/MRTexture.uasset" 506
"../../../Engine/Plugins/Runtime/OpenXR/Content/Devices/OculusTouch/MRTexture.uexp" 507
"../../../Engine/Plugins/Runtime/OpenXR/Content/Devices/OculusTouch/MRTexture.ubulk" 508
"../../../Engine/Plugins/Runtime/OpenXR/Content/Devices/OculusTouch/BaseTexture.uasset" 509
"../../../Engine/Plugins/Runtime/OpenXR/Content/Devices/OculusTouch/BaseTexture.uexp" 510
"../../../Engine/Plugins/Runtime/OpenXR/Content/Devices/OculusTouch/BaseTexture.ubulk" 511
"../../../Engine/Plugins/Runtime/OpenXR/Content/Devices/OculusTouch/MI_OculusTouch.uasset" 512
"../../../Engine/Plugins/Runtime/OpenXR/Content/Devices/OculusTouch/MI_OculusTouch.uexp" 513
"../../../Engine/Plugins/Runtime/OpenXR/Content/Devices/OculusTouch/Left/left_OculusTouchController.uasset" 514
"../../../Engine/Plugins/Runtime/OpenXR/Content/Devices/OculusTouch/Left/left_OculusTouchController.uexp" 515
"../../../Engine/Plugins/Runtime/OpenXR/Content/Devices/OculusTouch/Right/right_OculusTouchController.uasset" 516
"../../../Engine/Plugins/Runtime/OpenXR/Content/Devices/OculusTouch/Right/right_OculusTouchController.uexp" 517
"../../../Engine/Plugins/Runtime/OpenXR/Content/Devices/OculusTouch_v2/MRTexture.uasset" 518
"../../../Engine/Plugins/Runtime/OpenXR/Content/Devices/OculusTouch_v2/MRTexture.uexp" 519
"../../../Engine/Plugins/Runtime/OpenXR/Content/Devices/OculusTouch_v2/MRTexture.ubulk" 520
"../../../Engine/Plugins/Runtime/OpenXR/Content/Devices/OculusTouch_v2/BaseTexture.uasset" 521
"../../../Engine/Plugins/Runtime/OpenXR/Content/Devices/OculusTouch_v2/BaseTexture.uexp" 522
"../../../Engine/Plugins/Runtime/OpenXR/Content/Devices/OculusTouch_v2/BaseTexture.ubulk" 523
"../../../Engine/Plugins/Runtime/OpenXR/Content/Devices/OculusTouch_v2/MI_OculusTouch_v2.uasset" 524
"../../../Engine/Plugins/Runtime/OpenXR/Content/Devices/OculusTouch_v2/MI_OculusTouch_v2.uexp" 525
"../../../Engine/Plugins/Runtime/OpenXR/Content/Devices/OculusTouch_v2/Left/left_OculusTouch_v2Controller.uasset" 526
"../../../Engine/Plugins/Runtime/OpenXR/Content/Devices/OculusTouch_v2/Left/left_OculusTouch_v2Controller.uexp" 527
"../../../Engine/Plugins/Runtime/OpenXR/Content/Devices/OculusTouch_v2/Right/right_OculusTouch_v2Controller.uasset" 528
"../../../Engine/Plugins/Runtime/OpenXR/Content/Devices/OculusTouch_v2/Right/right_OculusTouch_v2Controller.uexp" 529
"../../../Engine/Plugins/Runtime/OpenXR/Content/Devices/OculusTouch_v3/MRTexture.uasset" 530
"../../../Engine/Plugins/Runtime/OpenXR/Content/Devices/OculusTouch_v3/MRTexture.uexp" 531
"../../../Engine/Plugins/Runtime/OpenXR/Content/Devices/OculusTouch_v3/MRTexture.ubulk" 532
"../../../Engine/Plugins/Runtime/OpenXR/Content/Devices/OculusTouch_v3/BaseTexture.uasset" 533
"../../../Engine/Plugins/Runtime/OpenXR/Content/Devices/OculusTouch_v3/BaseTexture.uexp" 534
"../../../Engine/Plugins/Runtime/OpenXR/Content/Devices/OculusTouch_v3/BaseTexture.ubulk" 535
"../../../Engine/Plugins/Runtime/OpenXR/Content/Devices/OculusTouch_v3/MI_OculusTouch_v3.uasset" 536
"../../../Engine/Plugins/Runtime/OpenXR/Content/Devices/OculusTouch_v3/MI_OculusTouch_v3.uexp" 537
"../../../Engine/Plugins/Runtime/OpenXR/Content/Devices/OculusTouch_v3/Left/left_OculusTouch_v3Controller.uasset" 538
"../../../Engine/Plugins/Runtime/OpenXR/Content/Devices/OculusTouch_v3/Left/left_OculusTouch_v3Controller.uexp" 539
"../../../Engine/Plugins/Runtime/OpenXR/Content/Devices/OculusTouch_v3/Right/right_OculusTouch_v3Controller.uasset" 540
"../../../Engine/Plugins/Runtime/OpenXR/Content/Devices/OculusTouch_v3/Right/right_OculusTouch_v3Controller.uexp" 541
"../../../Engine/Plugins/Runtime/OpenXR/Content/Devices/ValveIndex/MRTexture.uasset" 542
"../../../Engine/Plugins/Runtime/OpenXR/Content/Devices/ValveIndex/MRTexture.uexp" 543
"../../../Engine/Plugins/Runtime/OpenXR/Content/Devices/ValveIndex/MRTexture.ubulk" 544
"../../../Engine/Plugins/Runtime/OpenXR/Content/Devices/ValveIndex/BaseTexture.uasset" 545
"../../../Engine/Plugins/Runtime/OpenXR/Content/Devices/ValveIndex/BaseTexture.uexp" 546
"../../../Engine/Plugins/Runtime/OpenXR/Content/Devices/ValveIndex/BaseTexture.ubulk" 547
"../../../Engine/Plugins/Runtime/OpenXR/Content/Devices/ValveIndex/Left/MI_left_ValveIndex.uasset" 548
"../../../Engine/Plugins/Runtime/OpenXR/Content/Devices/ValveIndex/Left/MI_left_ValveIndex.uexp" 549
"../../../Engine/Plugins/Runtime/OpenXR/Content/Devices/ValveIndex/Left/left_ValveIndexController.uasset" 550
"../../../Engine/Plugins/Runtime/OpenXR/Content/Devices/ValveIndex/Left/left_ValveIndexController.uexp" 551
"../../../Engine/Plugins/Runtime/OpenXR/Content/Devices/ValveIndex/Right/MI_right_ValveIndex.uasset" 552
"../../../Engine/Plugins/Runtime/OpenXR/Content/Devices/ValveIndex/Right/MI_right_ValveIndex.uexp" 553
"../../../Engine/Plugins/Runtime/OpenXR/Content/Devices/ValveIndex/Right/right_ValveIndexController.uasset" 554
"../../../Engine/Plugins/Runtime/OpenXR/Content/Devices/ValveIndex/Right/right_ValveIndexController.uexp" 555
"../../../Engine/Content/Functions/Engine_MaterialFunctions02/Utility/BreakOutFloat4Components.uasset" 556
"../../../Engine/Content/Functions/Engine_MaterialFunctions02/Utility/BreakOutFloat4Components.uexp" 557
"../../../Engine/Content/Functions/Engine_MaterialFunctions02/Utility/MakeFloat3.uasset" 558
"../../../Engine/Content/Functions/Engine_MaterialFunctions02/Utility/MakeFloat3.uexp" 559
"../../../Engine/Plugins/Runtime/Oculus/OculusVR/Content/Materials/OculusMR_ChromaKey.uasset" 560
"../../../Engine/Plugins/Runtime/Oculus/OculusVR/Content/Materials/OculusMR_ChromaKey.uexp" 561
"../../../Engine/Plugins/Runtime/Oculus/OculusVR/Content/Materials/OculusMR_OpaqueColoredMaterial.uasset" 562
"../../../Engine/Plugins/Runtime/Oculus/OculusVR/Content/Materials/OculusMR_OpaqueColoredMaterial.uexp" 563
"../../../Engine/Plugins/Runtime/Oculus/OculusVR/Content/Materials/PokeAHoleMaterial.uasset" 564
"../../../Engine/Plugins/Runtime/Oculus/OculusVR/Content/Materials/PokeAHoleMaterial.uexp" 565
"../../../Engine/Plugins/Runtime/Oculus/OculusVR/Content/Textures/touchController_controlmap.uasset" 566
"../../../Engine/Plugins/Runtime/Oculus/OculusVR/Content/Textures/touchController_controlmap.uexp" 567
"../../../Engine/Plugins/Runtime/Oculus/OculusVR/Content/Textures/touchController_controlmap.ubulk" 568
"../../../Engine/Plugins/Runtime/Oculus/OculusVR/Content/Textures/touchController_albedo.uasset" 569
"../../../Engine/Plugins/Runtime/Oculus/OculusVR/Content/Textures/touchController_albedo.uexp" 570
"../../../Engine/Plugins/Runtime/Oculus/OculusVR/Content/Textures/touchController_albedo.ubulk" 571
"../../../Engine/Plugins/Runtime/Oculus/OculusVR/Content/Materials/touchController_mat.uasset" 572
"../../../Engine/Plugins/Runtime/Oculus/OculusVR/Content/Materials/touchController_mat.uexp" 573
"../../../Engine/Plugins/Runtime/Oculus/OculusVR/Content/Meshes/LeftTouchController.uasset" 574
"../../../Engine/Plugins/Runtime/Oculus/OculusVR/Content/Meshes/LeftTouchController.uexp" 575
"../../../Engine/Plugins/Runtime/Oculus/OculusVR/Content/Textures/TouchForQuestRiftSController_albedo.uasset" 576
"../../../Engine/Plugins/Runtime/Oculus/OculusVR/Content/Textures/TouchForQuestRiftSController_albedo.uexp" 577
"../../../Engine/Plugins/Runtime/Oculus/OculusVR/Content/Textures/TouchForQuestRiftSController_albedo.ubulk" 578
"../../../Engine/Plugins/Runtime/Oculus/OculusVR/Content/Materials/TouchForQuestRiftSControllerMaterial.uasset" 579
"../../../Engine/Plugins/Runtime/Oculus/OculusVR/Content/Materials/TouchForQuestRiftSControllerMaterial.uexp" 580
"../../../Engine/Plugins/Runtime/Oculus/OculusVR/Content/Meshes/LeftTouchForQuestRiftSController.uasset" 581
"../../../Engine/Plugins/Runtime/Oculus/OculusVR/Content/Meshes/LeftTouchForQuestRiftSController.uexp" 582
"../../../Engine/Plugins/Runtime/Oculus/OculusVR/Content/Meshes/RiftHMD.uasset" 583
"../../../Engine/Plugins/Runtime/Oculus/OculusVR/Content/Meshes/RiftHMD.uexp" 584
"../../../Engine/Plugins/Runtime/Oculus/OculusVR/Content/Meshes/RightTouchController.uasset" 585
"../../../Engine/Plugins/Runtime/Oculus/OculusVR/Content/Meshes/RightTouchController.uexp" 586
"../../../Engine/Plugins/Runtime/Oculus/OculusVR/Content/Meshes/RightTouchForQuestRiftSController.uasset" 587
"../../../Engine/Plugins/Runtime/Oculus/OculusVR/Content/Meshes/RightTouchForQuestRiftSController.uexp" 588
"../../../Engine/Content/MapTemplates/SM_Template_Map_Floor.uasset" 589
"../../../Engine/Content/MapTemplates/SM_Template_Map_Floor.uexp" 590
"../../../Engine/Content/EngineSky/T_Sky_Stars.uasset" 591
"../../../Engine/Content/EngineSky/T_Sky_Stars.uexp" 592
"../../../Engine/Content/EngineSky/T_Sky_Stars.ubulk" 593
"../../../Engine/Content/EngineSky/T_Sky_Clouds_M.uasset" 594
"../../../Engine/Content/EngineSky/T_Sky_Clouds_M.uexp" 595
"../../../Engine/Content/EngineSky/T_Sky_Clouds_M.ubulk" 596
"../../../Engine/Content/EngineSky/T_Sky_Blue.uasset" 597
"../../../Engine/Content/EngineSky/T_Sky_Blue.uexp" 598
"../../../Engine/Content/EngineSky/T_Sky_Blue.ubulk" 599
"../../../Engine/Content/EngineSky/M_Sky_Panning_Clouds2.uasset" 600
"../../../Engine/Content/EngineSky/M_Sky_Panning_Clouds2.uexp" 601
"C:/OJT/2022/ChatClient/Content/UI/LevelUI_BuiltData.uasset" 602
"C:/OJT/2022/ChatClient/Content/UI/LevelUI_BuiltData.uexp" 603
"C:/OJT/2022/ChatClient/Content/UI/LevelUI_BuiltData.ubulk" 604
"../../../Engine/Content/EditorBlueprintResources/StandardMacros.uasset" 605
"../../../Engine/Content/EditorBlueprintResources/StandardMacros.uexp" 606
"../../../Engine/Content/EngineSky/SM_SkySphere.uasset" 607
"../../../Engine/Content/EngineSky/SM_SkySphere.uexp" 608
"../../../Engine/Content/EngineSky/C_Sky_Zenith_Color.uasset" 609
"../../../Engine/Content/EngineSky/C_Sky_Zenith_Color.uexp" 610
"../../../Engine/Content/EngineSky/C_Sky_Horizon_Color.uasset" 611
"../../../Engine/Content/EngineSky/C_Sky_Horizon_Color.uexp" 612
"../../../Engine/Content/EngineSky/C_Sky_Cloud_Color.uasset" 613
"../../../Engine/Content/EngineSky/C_Sky_Cloud_Color.uexp" 614
"../../../Engine/Content/EngineSky/BP_Sky_Sphere.uasset" 615
"../../../Engine/Content/EngineSky/BP_Sky_Sphere.uexp" 616
"C:/OJT/2022/ChatClient/Content/UI/LevelUI.uexp" 617
"C:/OJT/2022/ChatClient/Content/UI/LevelUI.umap" 618
"../../../Engine/Content/Maps/Entry_BuiltData.uasset" 619
"../../../Engine/Content/Maps/Entry_BuiltData.uexp" 620
"../../../Engine/Content/Maps/Entry.uexp" 621
"../../../Engine/Content/Maps/Entry.umap" 622
